<?xml version="1.0" encoding="UTF-8" ?>
<testsuite errors="0" failures="0" hostname="onedrop" name="livequeue.test.AsteriskQueueTest" tests="6" time="0.071" timestamp="2009-06-03T01:01:39">
  <properties>
[...]
</properties>
  <testcase classname="livequeue.test.AsteriskQueueTest" name="testWeHaveAnAsteriskQueue" time="0.0020" />
  <testcase classname="livequeue.test.AsteriskQueueTest" name="testJustOneSetterAndGetter" time="0.0010" />
  <testcase classname="livequeue.test.AsteriskQueueTest" name="testCanAddAQueueMember" time="0.0010" />
  <testcase classname="livequeue.test.AsteriskQueueTest" name="testCanGetAQueueMember" time="0.0020" />
  <testcase classname="livequeue.test.AsteriskQueueTest" name="testCanAddQueueEntry" time="0.0" />
  <testcase classname="livequeue.test.AsteriskQueueTest" name="testCanGetAQueueEntry" time="0.0" />
  <system-out><![CDATA[]]></system-out>
  <system-err><![CDATA[]]></system-err>
</testsuite>
